<?xml version="1.0" encoding="UTF-8"?>
<testng-results ignored="0" total="1" passed="1" failed="0" skipped="0">
  <reporter-output>
  </reporter-output>
  <suite started-at="2023-11-07T12:44:54 GST" name="Default suite" finished-at="2023-11-07T12:44:57 GST" duration-ms="3529">
    <groups>
    </groups>
    <test started-at="2023-11-07T12:44:54 GST" name="Default test" finished-at="2023-11-07T12:44:57 GST" duration-ms="3529">
      <class name="IbrahimTawakul.testCases.LoginTestCase">
        <test-method is-config="true" signature="launchApplication()[pri:0, instance:IbrahimTawakul.testCases.LoginTestCase@74f0ea28]" started-at="2023-11-07T12:44:54 GST" name="launchApplication" finished-at="2023-11-07T12:44:57 GST" duration-ms="3455" status="PASS">
          <reporter-output>
          </reporter-output>
        </test-method> <!-- launchApplication -->
        <test-method signature="loginTest()[pri:0, instance:IbrahimTawakul.testCases.LoginTestCase@74f0ea28]" started-at="2023-11-07T12:44:57 GST" name="loginTest" finished-at="2023-11-07T12:44:57 GST" duration-ms="20" status="PASS">
          <reporter-output>
          </reporter-output>
        </test-method> <!-- loginTest -->
      </class> <!-- IbrahimTawakul.testCases.LoginTestCase -->
    </test> <!-- Default test -->
  </suite> <!-- Default suite -->
</testng-results>
